{"level":"info","message":"✅ MongoDB Connected : ","timestamp":"2024-09-18T20:45:43.942Z"}
{"level":"error","message":"Error creating index: Request timed out","meta":{"body":null,"headers":null,"meta":{"aborted":false,"attempts":0,"connection":{"_openRequests":0,"deadCount":1,"headers":{},"id":"http://192.168.163.152:9200/","resurrectTimeout":1726692408964,"roles":{"data":true,"ingest":true,"master":true,"ml":false},"status":"dead","url":"http://192.168.163.152:9200/"},"context":null,"name":"elasticsearch-js","request":{"id":2,"options":{},"params":{"headers":{"user-agent":"elasticsearch-js/7.17.14 (win32 10.0.26090-x64; Node.js v18.20.4)","x-elastic-client-meta":"es=7.17.14,js=18.20.4,t=7.17.14,hc=18.20.4"},"method":"GET","path":"/","querystring":"","timeout":5000}}},"statusCode":null},"name":"TimeoutError","stack":"TimeoutError: Request timed out\n    at ClientRequest.onTimeout (D:\\Projects\\User-app\\server\\node_modules\\@elastic\\elasticsearch\\lib\\Connection.js:110:16)\n    at ClientRequest.emit (node:events:517:28)\n    at Socket.emitRequestTimeout (node:_http_client:847:9)\n    at Object.onceWrapper (node:events:631:28)\n    at Socket.emit (node:events:529:35)\n    at Socket._onTimeout (node:net:598:8)\n    at listOnTimeout (node:internal/timers:569:17)\n    at process.processTimers (node:internal/timers:512:7)","timestamp":"2024-09-18T20:45:48.967Z"}
{"level":"info","message":"✅ MongoDB Connected : ","timestamp":"2024-09-18T20:48:20.032Z"}
{"level":"info","message":"✅ Server running at http://localhost:8080","timestamp":"2024-09-18T20:48:20.046Z"}
{"level":"info","message":"✅ MongoDB Connected : ","timestamp":"2024-09-18T20:51:16.028Z"}
{"level":"info","message":"✅ Server running at http://localhost:8080","timestamp":"2024-09-18T20:51:16.062Z"}
{"level":"error","message":"Error uploading image for","timestamp":"2024-09-18T20:51:22.622Z"}
{"level":"error","message":"Error uploading image for","timestamp":"2024-09-18T21:06:12.708Z"}
{"level":"info","message":"✅ MongoDB Connected : ","timestamp":"2024-09-18T21:06:45.578Z"}
{"level":"info","message":"✅ Server running at http://localhost:8080","timestamp":"2024-09-18T21:06:45.590Z"}
{"level":"error","message":"Error uploading image for","timestamp":"2024-09-18T21:08:18.810Z"}
{"level":"info","message":"✅ MongoDB Connected : ","timestamp":"2024-09-18T21:08:32.495Z"}
{"level":"info","message":"✅ Server running at http://localhost:8080","timestamp":"2024-09-18T21:08:32.507Z"}
{"level":"info","message":"✅ MongoDB Connected : ","timestamp":"2024-09-18T21:08:45.208Z"}
{"level":"info","message":"✅ Server running at http://localhost:8080","timestamp":"2024-09-18T21:08:45.220Z"}
{"level":"info","message":"✅ MongoDB Connected : ","timestamp":"2024-09-18T21:08:51.020Z"}
{"level":"info","message":"✅ Server running at http://localhost:8080","timestamp":"2024-09-18T21:08:51.033Z"}
{"level":"error","message":"Error uploading image foradmin@test.com","timestamp":"2024-09-18T21:09:14.162Z"}
{"level":"error","message":"Error uploading image foradmin@test.com","timestamp":"2024-09-18T21:09:30.767Z"}
{"level":"info","message":"✅ MongoDB Connected : ","timestamp":"2024-09-18T21:09:53.094Z"}
{"level":"info","message":"✅ Server running at http://localhost:8080","timestamp":"2024-09-18T21:09:53.105Z"}
{"level":"error","message":"Error uploading image foradmin@test.com","timestamp":"2024-09-18T21:10:20.572Z"}
{"level":"info","message":"✅ MongoDB Connected : ","timestamp":"2024-09-18T21:10:38.050Z"}
{"level":"info","message":"✅ Server running at http://localhost:8080","timestamp":"2024-09-18T21:10:38.063Z"}
{"level":"info","message":"✅ MongoDB Connected : ","timestamp":"2024-09-18T21:11:00.755Z"}
{"level":"info","message":"✅ Server running at http://localhost:8080","timestamp":"2024-09-18T21:11:00.767Z"}
{"level":"info","message":"✅ MongoDB Connected : ","timestamp":"2024-09-18T21:12:42.315Z"}
{"level":"info","message":"✅ Server running at http://localhost:8080","timestamp":"2024-09-18T21:12:42.327Z"}
{"level":"info","message":"✅ MongoDB Connected : ","timestamp":"2024-09-18T21:12:59.427Z"}
{"level":"info","message":"✅ Server running at http://localhost:8080","timestamp":"2024-09-18T21:12:59.439Z"}
{"level":"error","message":"Error in listUsers service elasticService.searchUser is not a function","stack":"TypeError: elasticService.searchUser is not a function\n    at Module.listUsers (file:///D:/Projects/User-app/server/services/user.js:11:50)\n    at listUsers (file:///D:/Projects/User-app/server/controllers/user.js:24:40)\n    at Layer.handle [as handle_request] (D:\\Projects\\User-app\\server\\node_modules\\express\\lib\\router\\layer.js:95:5)\n    at next (D:\\Projects\\User-app\\server\\node_modules\\express\\lib\\router\\route.js:149:13)\n    at Route.dispatch (D:\\Projects\\User-app\\server\\node_modules\\express\\lib\\router\\route.js:119:3)\n    at Layer.handle [as handle_request] (D:\\Projects\\User-app\\server\\node_modules\\express\\lib\\router\\layer.js:95:5)\n    at D:\\Projects\\User-app\\server\\node_modules\\express\\lib\\router\\index.js:284:15\n    at Function.process_params (D:\\Projects\\User-app\\server\\node_modules\\express\\lib\\router\\index.js:346:12)\n    at next (D:\\Projects\\User-app\\server\\node_modules\\express\\lib\\router\\index.js:280:10)\n    at Function.handle (D:\\Projects\\User-app\\server\\node_modules\\express\\lib\\router\\index.js:175:3)","timestamp":"2024-09-18T21:13:15.431Z"}
{"level":"info","message":"✅ MongoDB Connected : ","timestamp":"2024-09-18T21:14:31.627Z"}
{"level":"info","message":"✅ Server running at http://localhost:8080","timestamp":"2024-09-18T21:14:31.645Z"}
{"level":"info","message":"✅ MongoDB Connected : ","timestamp":"2024-09-18T21:14:58.025Z"}
{"level":"info","message":"✅ Server running at http://localhost:8080","timestamp":"2024-09-18T21:14:58.039Z"}
{"level":"info","message":"✅ MongoDB Connected : ","timestamp":"2024-09-18T21:15:04.470Z"}
{"level":"info","message":"✅ Server running at http://localhost:8080","timestamp":"2024-09-18T21:15:04.483Z"}
{"level":"info","message":"✅ MongoDB Connected : ","timestamp":"2024-09-18T21:15:42.843Z"}
{"level":"info","message":"✅ Server running at http://localhost:8080","timestamp":"2024-09-18T21:15:42.856Z"}
{"level":"info","message":"✅ MongoDB Connected : ","timestamp":"2024-09-18T21:16:04.056Z"}
{"level":"info","message":"✅ Server running at http://localhost:8080","timestamp":"2024-09-18T21:16:04.067Z"}
{"level":"info","message":"✅ MongoDB Connected : ","timestamp":"2024-09-18T21:16:38.134Z"}
{"level":"info","message":"✅ Server running at http://localhost:8080","timestamp":"2024-09-18T21:16:38.153Z"}
{"level":"error","message":"Error in listUsers service user is not defined","stack":"ReferenceError: user is not defined\n    at Module.listUsers (file:///D:/Projects/User-app/server/services/user.js:14:11)\n    at process.processTicksAndRejections (node:internal/process/task_queues:95:5)\n    at async listUsers (file:///D:/Projects/User-app/server/controllers/user.js:24:22)","timestamp":"2024-09-18T21:16:38.474Z"}
{"level":"info","message":"✅ MongoDB Connected : ","timestamp":"2024-09-18T21:17:13.894Z"}
{"level":"info","message":"✅ Server running at http://localhost:8080","timestamp":"2024-09-18T21:17:13.906Z"}
{"level":"info","message":"✅ MongoDB Connected : ","timestamp":"2024-09-18T21:18:05.677Z"}
{"level":"info","message":"✅ Server running at http://localhost:8080","timestamp":"2024-09-18T21:18:05.689Z"}
{"level":"error","message":"Error in listUsers service users is not defined","stack":"ReferenceError: users is not defined\n    at Module.listUsers (file:///D:/Projects/User-app/server/services/user.js:14:24)\n    at process.processTicksAndRejections (node:internal/process/task_queues:95:5)\n    at async listUsers (file:///D:/Projects/User-app/server/controllers/user.js:24:22)","timestamp":"2024-09-18T21:18:08.188Z"}
{"level":"error","message":"Error in listUsers service users is not defined","stack":"ReferenceError: users is not defined\n    at Module.listUsers (file:///D:/Projects/User-app/server/services/user.js:14:24)\n    at process.processTicksAndRejections (node:internal/process/task_queues:95:5)\n    at async listUsers (file:///D:/Projects/User-app/server/controllers/user.js:24:22)","timestamp":"2024-09-18T21:18:09.742Z"}
{"level":"info","message":"✅ MongoDB Connected : ","timestamp":"2024-09-18T21:18:23.092Z"}
{"level":"info","message":"✅ Server running at http://localhost:8080","timestamp":"2024-09-18T21:18:23.104Z"}
{"level":"info","message":"✅ MongoDB Connected : ","timestamp":"2024-09-18T21:21:27.420Z"}
{"level":"info","message":"✅ Server running at http://localhost:8080","timestamp":"2024-09-18T21:21:27.434Z"}
{"level":"error","message":"Error in login service Error: secretOrPrivateKey must have a value","timestamp":"2024-09-18T21:22:00.697Z"}
{"level":"error","message":"Error in login service Error: secretOrPrivateKey must have a value","timestamp":"2024-09-18T21:22:59.653Z"}
{"level":"info","message":"✅ MongoDB Connected : ","timestamp":"2024-09-18T21:23:15.627Z"}
{"level":"info","message":"✅ Server running at http://localhost:8080","timestamp":"2024-09-18T21:23:15.653Z"}
{"level":"info","message":"✅ MongoDB Connected : ","timestamp":"2024-09-18T21:24:00.576Z"}
{"level":"info","message":"✅ Server running at http://localhost:8080","timestamp":"2024-09-18T21:24:00.589Z"}
{"level":"info","message":"✅ MongoDB Connected : ","timestamp":"2024-09-18T21:24:22.642Z"}
{"level":"info","message":"✅ Server running at http://localhost:8080","timestamp":"2024-09-18T21:24:22.658Z"}
{"level":"info","message":"✅ MongoDB Connected : ","timestamp":"2024-09-18T21:25:23.545Z"}
{"level":"info","message":"✅ Server running at http://localhost:8080","timestamp":"2024-09-18T21:25:23.560Z"}
{"level":"info","message":"✅ MongoDB Connected : ","timestamp":"2024-09-19T07:02:59.898Z"}
{"level":"info","message":"✅ Server running at http://localhost:8080","timestamp":"2024-09-19T07:02:59.929Z"}
{"level":"info","message":"✅ MongoDB Connected : ","timestamp":"2024-09-19T07:10:40.213Z"}
{"level":"info","message":"✅ Server running at http://localhost:8080","timestamp":"2024-09-19T07:10:40.223Z"}
{"level":"info","message":"✅ MongoDB Connected : ","timestamp":"2024-09-19T07:11:42.636Z"}
{"level":"info","message":"✅ Server running at http://localhost:8080","timestamp":"2024-09-19T07:11:42.651Z"}
{"level":"info","message":"✅ MongoDB Connected : ","timestamp":"2024-09-19T07:13:51.152Z"}
{"level":"info","message":"✅ Server running at http://localhost:8080","timestamp":"2024-09-19T07:13:51.180Z"}
{"level":"info","message":"✅ MongoDB Connected : ","timestamp":"2024-09-19T07:14:54.505Z"}
{"level":"info","message":"✅ Server running at http://localhost:8080","timestamp":"2024-09-19T07:14:54.515Z"}
{"level":"info","message":"✅ MongoDB Connected : ","timestamp":"2024-09-19T07:15:58.248Z"}
{"level":"info","message":"✅ Server running at http://localhost:8080","timestamp":"2024-09-19T07:15:58.273Z"}
{"level":"info","message":"✅ MongoDB Connected : ","timestamp":"2024-09-19T07:16:12.324Z"}
{"level":"info","message":"✅ Server running at http://localhost:8080","timestamp":"2024-09-19T07:16:12.335Z"}
{"level":"info","message":"✅ MongoDB Connected : ","timestamp":"2024-09-19T07:16:24.850Z"}
{"level":"info","message":"✅ Server running at http://localhost:8080","timestamp":"2024-09-19T07:16:24.877Z"}
{"level":"info","message":"✅ MongoDB Connected : ","timestamp":"2024-09-19T07:16:33.923Z"}
{"level":"info","message":"✅ Server running at http://localhost:8080","timestamp":"2024-09-19T07:16:33.933Z"}
{"level":"info","message":"✅ MongoDB Connected : ","timestamp":"2024-09-19T07:17:15.729Z"}
{"level":"info","message":"✅ Server running at http://localhost:8080","timestamp":"2024-09-19T07:17:15.756Z"}
{"level":"info","message":"✅ MongoDB Connected : ","timestamp":"2024-09-19T07:17:22.204Z"}
{"level":"info","message":"✅ Server running at http://localhost:8080","timestamp":"2024-09-19T07:17:22.229Z"}
{"level":"info","message":"✅ MongoDB Connected : ","timestamp":"2024-09-19T07:17:45.897Z"}
{"level":"info","message":"✅ Server running at http://localhost:8080","timestamp":"2024-09-19T07:17:45.907Z"}
{"level":"info","message":"✅ MongoDB Connected : ","timestamp":"2024-09-19T08:51:44.805Z"}
{"level":"info","message":"✅ Server running at http://localhost:8080","timestamp":"2024-09-19T08:51:44.814Z"}
{"level":"info","message":"✅ MongoDB Connected : ","timestamp":"2024-09-19T08:53:31.657Z"}
{"level":"info","message":"✅ Server running at http://localhost:8080","timestamp":"2024-09-19T08:53:31.668Z"}
{"level":"info","message":"✅ MongoDB Connected : ","timestamp":"2024-09-19T09:03:10.838Z"}
{"level":"info","message":"✅ Server running at http://localhost:8080","timestamp":"2024-09-19T09:03:10.847Z"}
{"level":"info","message":"✅ MongoDB Connected : ","timestamp":"2024-09-19T09:16:35.563Z"}
{"level":"info","message":"✅ Server running at http://localhost:8080","timestamp":"2024-09-19T09:16:35.573Z"}
{"level":"info","message":"✅ MongoDB Connected : ","timestamp":"2024-09-19T11:29:16.754Z"}
{"level":"info","message":"✅ Server running at http://localhost:8080","timestamp":"2024-09-19T11:29:16.771Z"}
{"level":"info","message":"✅ MongoDB Connected : ","timestamp":"2024-09-19T11:38:15.339Z"}
{"level":"info","message":"✅ Server running at http://localhost:8080","timestamp":"2024-09-19T11:38:15.349Z"}
{"level":"info","message":"✅ MongoDB Connected : ","timestamp":"2024-09-19T11:55:23.271Z"}
{"level":"info","message":"✅ Server running at http://localhost:8080","timestamp":"2024-09-19T11:55:23.282Z"}
{"level":"info","message":"✅ MongoDB Connected : ","timestamp":"2024-09-19T12:06:05.204Z"}
{"level":"info","message":"✅ Server running at http://localhost:8080","timestamp":"2024-09-19T12:06:05.214Z"}
{"level":"info","message":"✅ MongoDB Connected : ","timestamp":"2024-09-19T12:06:19.382Z"}
{"level":"info","message":"✅ Server running at http://localhost:8080","timestamp":"2024-09-19T12:06:19.392Z"}
{"level":"info","message":"✅ MongoDB Connected : ","timestamp":"2024-09-19T12:08:37.034Z"}
{"level":"info","message":"✅ Server running at http://localhost:8080","timestamp":"2024-09-19T12:08:37.060Z"}
{"level":"info","message":"✅ MongoDB Connected : ","timestamp":"2024-09-19T12:09:07.046Z"}
{"level":"info","message":"✅ Server running at PORT:8080","timestamp":"2024-09-19T12:09:07.057Z"}
{"level":"info","message":"✅ MongoDB Connected : ","timestamp":"2024-09-19T12:09:20.412Z"}
{"level":"info","message":"✅ Server running at PORT:8080","timestamp":"2024-09-19T12:09:20.433Z"}
{"level":"info","message":"✅ MongoDB Connected : ","timestamp":"2024-09-19T17:00:43.250Z"}
{"level":"info","message":"✅ Server running at PORT:8080","timestamp":"2024-09-19T17:00:43.282Z"}
